<?xml version="1.0" encoding="UTF-8"?>
<testsuite name="OrderTest" tests="1" skipped="0" failures="0" errors="0" timestamp="2020-04-14T23:02:26" hostname="Mikaylas-Razer-Blade" time="0.006">
  <properties/>
  <testcase name="shouldCalculateOrderTotal_WhenCalculateOrderTotalCalled" classname="OrderTest" time="0.006"/>
  <system-out><![CDATA[]]></system-out>
  <system-err><![CDATA[]]></system-err>
</testsuite>
