<?xml version="1.0" encoding="UTF-8"?>
<testsuite name="OrderTest" tests="1" skipped="0" failures="0" errors="0" timestamp="2020-04-13T00:08:09" hostname="Mikaylas-Razer-Blade" time="0.002">
  <properties/>
  <testcase name="shouldAddBeefTacoToOrder_WhenAddToOrderCalled" classname="OrderTest" time="0.002"/>
  <system-out><![CDATA[]]></system-out>
  <system-err><![CDATA[]]></system-err>
</testsuite>
