<?xml version="1.0" encoding="UTF-8"?>
<testsuite name="OrderTest" tests="5" skipped="0" failures="0" errors="0" timestamp="2020-04-13T00:50:09" hostname="Mikaylas-Razer-Blade" time="0.001">
  <properties/>
  <testcase name="shoudAddChickenTacoToOrder_WhenAddToOrderCalled" classname="OrderTest" time="0.0"/>
  <testcase name="shouldAddMultipleTacosToOrder_WhenAddToOrderCalled" classname="OrderTest" time="0.0"/>
  <testcase name="shouldAddBeefTacoToOrder_WhenAddToOrderCalled" classname="OrderTest" time="0.0"/>
  <testcase name="shouldAddVeggieTacoToOrder_WhenAddToOrderCalled" classname="OrderTest" time="0.0"/>
  <testcase name="shouldAddChorizoTacoToOrder_WhenAddToOrderCalled" classname="OrderTest" time="0.0"/>
  <system-out><![CDATA[]]></system-out>
  <system-err><![CDATA[]]></system-err>
</testsuite>
