<?xml version="1.0" encoding="UTF-8"?>
<testsuite name="OrderTest" tests="1" skipped="0" failures="0" errors="0" timestamp="2020-04-12T23:52:31" hostname="Mikaylas-Razer-Blade" time="0.001">
  <properties/>
  <testcase name="shouldAddVeggieTacoToOrder" classname="OrderTest" time="0.001"/>
  <system-out><![CDATA[]]></system-out>
  <system-err><![CDATA[]]></system-err>
</testsuite>
