<?xml version="1.0" encoding="UTF-8"?>
<testsuite name="OrderTest" tests="2" skipped="0" failures="0" errors="0" timestamp="2020-04-13T00:02:09" hostname="Mikaylas-Razer-Blade" time="0.003">
  <properties/>
  <testcase name="shouldAddVeggieTacoToOrder_WhenAddToOrderCalled" classname="OrderTest" time="0.002"/>
  <testcase name="shouldAddChorizoTacoToOrder_WhenAddToOrderCalled" classname="OrderTest" time="0.001"/>
  <system-out><![CDATA[]]></system-out>
  <system-err><![CDATA[]]></system-err>
</testsuite>
